Using pre-set license
Built from '2020.2/release' branch; Version is '2020.2.2f1 (068178b99f32) revision 426360'; Using compiler version '192528614'; Build Type 'Release'
OS: 'Windows 10 Education; OS build 18363.1440; Version 1909; 64bit' Language: 'en' Physical Memory: 16335 MB
BatchMode: 1, IsHumanControllingUs: 0, StartBugReporterOnCrash: 0, Is64bit: 1, IsPro: 0

 COMMAND LINE ARGUMENTS:
C:\Program Files\Unity\Hub\Editor\2020.2.2f1\Editor\Unity.exe
-adb2
-batchMode
-noUpm
-name
AssetImportWorker0
-projectPath
C:/George Brown/Semester 6/GAME3011 - Advanced Programming/GAME3011_A4_BrabersRussell
-logFile
Logs/AssetImportWorker0.log
-srvPort
53071
Successfully changed project path to: C:/George Brown/Semester 6/GAME3011 - Advanced Programming/GAME3011_A4_BrabersRussell
C:/George Brown/Semester 6/GAME3011 - Advanced Programming/GAME3011_A4_BrabersRussell
Using Asset Import Pipeline V2.
Refreshing native plugins compatible for Editor in 26.26 ms, found 0 plugins.
Preloading 0 native plugins for Editor in 0.00 ms.
Initialize engine version: 2020.2.2f1 (068178b99f32)
[Subsystems] Discovering subsystems at path C:/Program Files/Unity/Hub/Editor/2020.2.2f1/Editor/Data/Resources/UnitySubsystems
[Subsystems] Discovering subsystems at path C:/George Brown/Semester 6/GAME3011 - Advanced Programming/GAME3011_A4_BrabersRussell/Assets
GfxDevice: creating device client; threaded=0
Direct3D:
    Version:  Direct3D 11.0 [level 11.1]
    Renderer: NVIDIA GeForce GTX 1070 (ID=0x1b81)
    Vendor:   
    VRAM:     8088 MB
    Driver:   27.21.14.5671
Initialize mono
Mono path[0] = 'C:/Program Files/Unity/Hub/Editor/2020.2.2f1/Editor/Data/Managed'
Mono path[1] = 'C:/Program Files/Unity/Hub/Editor/2020.2.2f1/Editor/Data/MonoBleedingEdge/lib/mono/unityjit'
Mono config path = 'C:/Program Files/Unity/Hub/Editor/2020.2.2f1/Editor/Data/MonoBleedingEdge/etc'
Using monoOptions --debugger-agent=transport=dt_socket,embedding=1,server=y,suspend=n,address=127.0.0.1:56160
Begin MonoManager ReloadAssembly
Registering precompiled unity dll's ...
Register platform support module: C:/Program Files/Unity/Hub/Editor/2020.2.2f1/Editor/Data/PlaybackEngines/WebGLSupport/UnityEditor.WebGL.Extensions.dll
Register platform support module: C:/Program Files/Unity/Hub/Editor/2020.2.2f1/Editor/Data/PlaybackEngines/WindowsStandaloneSupport/UnityEditor.WindowsStandalone.Extensions.dll
Registered in 0.003017 seconds.
Native extension for WindowsStandalone target not found
Native extension for WebGL target not found
Refreshing native plugins compatible for Editor in 26.31 ms, found 0 plugins.
Preloading 0 native plugins for Editor in 0.00 ms.
Invoked RoslynAnalysisRunner static constructor.
RoslynAnalysisRunner will not be running.
RoslynAnalysisRunner has terminated.
Mono: successfully reloaded assembly
- Completed reload, in  2.596 seconds
Platform modules already initialized, skipping
Registering precompiled user dll's ...
Registered in 0.000806 seconds.
Begin MonoManager ReloadAssembly
Native extension for WindowsStandalone target not found
Native extension for WebGL target not found
Refreshing native plugins compatible for Editor in 0.22 ms, found 0 plugins.
Preloading 0 native plugins for Editor in 0.00 ms.
Invoked RoslynAnalysisRunner static constructor.
RoslynAnalysisRunner will not be running.
RoslynAnalysisRunner has terminated.
Mono: successfully reloaded assembly
- Completed reload, in  0.999 seconds
Platform modules already initialized, skipping
========================================================================
Worker process is ready to serve import requests
Launched and connected shader compiler UnityShaderCompiler.exe after 0.04 seconds
Refreshing native plugins compatible for Editor in 0.22 ms, found 0 plugins.
Preloading 0 native plugins for Editor in 0.00 ms.
Unloading 1099 Unused Serialized files (Serialized files now loaded: 0)
System memory in use before: 56.9 MB.
System memory in use after: 56.9 MB.

Unloading 10 unused Assets to reduce memory usage. Loaded Objects now: 1540.
Total: 1.720100 ms (FindLiveObjects: 0.124100 ms CreateObjectMapping: 0.033300 ms MarkObjects: 1.486000 ms  DeleteObjects: 0.075800 ms)

========================================================================
Received Import Request.
  path: Assets/_Scenes
  artifactKey: Guid(0cda1310eed9b08429e830a5a7d896c3) Importer(815301076,1909f56bfc062723c751e8b465ee728b)
Start importing Assets/_Scenes using Guid(0cda1310eed9b08429e830a5a7d896c3) Importer(815301076,1909f56bfc062723c751e8b465ee728b)  -> (artifact id: 'd3af952fbb7f9700f5bc3ad9217e6e52') in 0.009583 seconds
  Import took 0.011783 seconds .

========================================================================
Received Import Request.
  Time since last request: 10.740429 seconds.
  path: Assets/_Scripts
  artifactKey: Guid(84c9c19a628a8d74a840ab87cbc7e866) Importer(815301076,1909f56bfc062723c751e8b465ee728b)
Start importing Assets/_Scripts using Guid(84c9c19a628a8d74a840ab87cbc7e866) Importer(815301076,1909f56bfc062723c751e8b465ee728b)  -> (artifact id: '16b9beddcd3591f752fe3ada90609ca3') in 0.007801 seconds
  Import took 0.009738 seconds .

========================================================================
Received Import Request.
  Time since last request: 151.031029 seconds.
  path: Assets/_Scripts/GameManager.cs
  artifactKey: Guid(c185fb9440e90204fa906061c200e3b1) Importer(815301076,1909f56bfc062723c751e8b465ee728b)
Start importing Assets/_Scripts/GameManager.cs using Guid(c185fb9440e90204fa906061c200e3b1) Importer(815301076,1909f56bfc062723c751e8b465ee728b)  -> (artifact id: '27cc515faa3171b9796f89a5238a1346') in 0.030929 seconds
  Import took 0.032909 seconds .

========================================================================
Received Prepare
Registering precompiled user dll's ...
Registered in 0.000756 seconds.
Begin MonoManager ReloadAssembly
Native extension for WindowsStandalone target not found
Native extension for WebGL target not found
Refreshing native plugins compatible for Editor in 0.22 ms, found 0 plugins.
Preloading 0 native plugins for Editor in 0.00 ms.
Invoked RoslynAnalysisRunner static constructor.
RoslynAnalysisRunner will not be running.
RoslynAnalysisRunner has terminated.
Mono: successfully reloaded assembly
- Completed reload, in  0.916 seconds
Platform modules already initialized, skipping
Refreshing native plugins compatible for Editor in 0.21 ms, found 0 plugins.
Preloading 0 native plugins for Editor in 0.00 ms.
Unloading 1095 Unused Serialized files (Serialized files now loaded: 0)
System memory in use before: 56.9 MB.
System memory in use after: 57.0 MB.

Unloading 5 unused Assets to reduce memory usage. Loaded Objects now: 1543.
Total: 1.698300 ms (FindLiveObjects: 0.131900 ms CreateObjectMapping: 0.027200 ms MarkObjects: 1.482900 ms  DeleteObjects: 0.055300 ms)

========================================================================
Received Import Request.
  Time since last request: 4.445280 seconds.
  path: Assets
  artifactKey: Guid(00000000000000001000000000000000) Importer(815301076,1909f56bfc062723c751e8b465ee728b)
Start importing Assets using Guid(00000000000000001000000000000000) Importer(815301076,1909f56bfc062723c751e8b465ee728b)  -> (artifact id: '4a6e520b92ccfc61bcfa21a7bcab8468') in 0.011935 seconds
  Import took 0.013909 seconds .

========================================================================
Received Import Request.
  Time since last request: 4.624100 seconds.
  path: Assets/Prefabs
  artifactKey: Guid(2f897a7fd184bc945b86f6416fbe1415) Importer(815301076,1909f56bfc062723c751e8b465ee728b)
Start importing Assets/Prefabs using Guid(2f897a7fd184bc945b86f6416fbe1415) Importer(815301076,1909f56bfc062723c751e8b465ee728b)  -> (artifact id: '71bff124aca61e0d0717fd9023bc5964') in 0.007867 seconds
  Import took 0.009905 seconds .

